Ignoring exception in on_message
Traceback (most recent call last):
  File "/home/ubuntu/anaconda3/lib/python3.6/site-packages/discord/client.py", line 343, in _run_event
    await coro(*args, **kwargs)
  File "client.py", line 157, in on_message
    list_char = crawl(id)
  File "client.py", line 25, in crawl
    tmp = bsObject.select_one('div.profile-character-list').select('ul>li>span>button>span')
  File "/home/ubuntu/anaconda3/lib/python3.6/site-packages/bs4/element.py", line 1477, in select
    'Unsupported or invalid CSS selector: "%s"' % token)
ValueError: Unsupported or invalid CSS selector: "ul>li>span>button>span"
Ignoring exception in on_message
Traceback (most recent call last):
  File "/home/ubuntu/anaconda3/lib/python3.6/site-packages/discord/client.py", line 343, in _run_event
    await coro(*args, **kwargs)
  File "client.py", line 157, in on_message
    list_char = crawl(id)
  File "client.py", line 25, in crawl
    tmp = bsObject.select_one('div.profile-character-list').select('ul>li>span>button>span')
  File "/home/ubuntu/anaconda3/lib/python3.6/site-packages/bs4/element.py", line 1477, in select
    'Unsupported or invalid CSS selector: "%s"' % token)
ValueError: Unsupported or invalid CSS selector: "ul>li>span>button>span"
OTI0NTQ4MTc1OTIxMDQxNDA4.YcgKlg.4CK1JcsnlTSZzCoqiI6BkS6OdiE
New log in as amlab#5743
!비아

!계정정보_우분투재설치
!비아

!계정정보_뚝특
!비아

